===== DATE =====
Mon 16 Mar 2026 09:09:23 PM EDT
===== COMPILE =====

===== IMPORT CHECK =====
research dataset runner OK: <function main at 0x73cc755683a0>

===== DOC CHECK =====
# Research Dataset Daily

Orchestrateur complet de dataset research.

Pipeline exécuté :

prices
short_interest
fundamentals
training_dataset
dataset_version

Commande :

python3 cli/ops/run_research_dataset_daily.py     --db-path market.duckdb     --dataset-version daily

Output :

training_dataset_daily
dataset_versions

Règles anti-biais :

- prices = price_history seulement
- fundamentals = available_at <= price_date
- short_interest = available_at <= price_date
- universe = include_in_universe = TRUE
===== DONE =====
