===== DATE =====
Mon 16 Mar 2026 05:56:33 PM EDT
===== COMPILE TARGET =====

===== HELP CHECK =====
9:                                        [--skip-price-backfill]
10:                                        [--skip-price-daily]
11:                                        [--stooq-source STOOQ_SOURCES]
35:  --skip-price-backfill
38:  --skip-price-daily    Skip Yahoo daily price refresh after historical
40:  --stooq-source STOOQ_SOURCES

===== SHELL SCRIPT CHECK =====
#!/usr/bin/env bash
set -euo pipefail

PROJECT_ROOT="$(cd "$(dirname "${BASH_SOURCE[0]}")/.." && pwd)"
DB_PATH="${DB_PATH:-$PROJECT_ROOT/market.duckdb}"
LOG_PATH="${LOG_PATH:-$PROJECT_ROOT/logs/rebuild_db.log}"
PYTHON_BIN="${PYTHON_BIN:-python3}"

# IMPORTANT:
# - Stooq backfill is part of the rebuild by design.
# - Pass STOOQ historical source(s) via STOOQ_SOURCE env var, repeatable through shell arrays is not possible
#   here, so we support a single env var containing one path.
# - For multiple sources, call the Python orchestrator directly.

mkdir -p "$PROJECT_ROOT/logs"

cd "$PROJECT_ROOT"

exec > >(tee "$LOG_PATH") 2>&1

echo "===== DATE ====="
date
echo "===== PROJECT_ROOT ====="
echo "$PROJECT_ROOT"
echo "===== DB_PATH ====="
echo "$DB_PATH"
echo "===== LOG_PATH ====="
echo "$LOG_PATH"

if [ -z "${STOOQ_SOURCE:-}" ]; then
  echo "ERROR: STOOQ_SOURCE is required for rebuild_db_from_scratch.sh" >&2
  echo "Example:" >&2
  echo "  STOOQ_SOURCE=/path/to/stooq.zip ./scripts/rebuild_db_from_scratch.sh" >&2
  exit 1
fi

echo "===== RUN ORCHESTRATOR ====="
"$PYTHON_BIN" cli/ops/rebuild_database_from_scratch.py \
  --db-path "$DB_PATH" \
  --stooq-source "$STOOQ_SOURCE" \
  --verbose

echo "===== DONE ====="

===== DOC CHECK =====
# DB Rebuild

## Objectif

Reconstruire `market.duckdb` depuis zéro avec des sources réelles stockées localement.

## Sources de vérité

- `scripts/rebuild_db_from_scratch.sh` = vérité exécutable
- `docs/DB_REBUILD.md` = vérité humaine
- `cli/ops/rebuild_database_from_scratch.py` = vérité produit long terme

## Commande principale

Depuis la racine du repo :

STOOQ_SOURCE=/path/to/stooq.zip ./scripts/rebuild_db_from_scratch.sh

## Ce que fait la reconstruction

1. initialise le schéma
2. télécharge les sources symboles SEC
3. télécharge les sources symboles NASDAQ
4. charge `symbol_reference_source_raw`
5. construit `market_universe`
6. construit `symbol_reference`
7. construit `sec_filing`
8. construit `fundamentals`
9. construit les prix historiques via Stooq
10. applique un refresh daily des prix via Yahoo Finance

## Univers cible

Actions US standard seulement :

- NASDAQ
- NYSE

Exclusions :

- OTC
- Pink Sheet
- ETF
- ETN
- ADR
- Preferred
- Warrant
- Right
- Unit

## Fichiers raw locaux

SEC :

data/symbol_sources/sec/

NASDAQ :

data/symbol_sources/nasdaq/

Prix historiques Stooq :

sources explicites passées à `--stooq-source`

## Tables coeur attendues

- `symbol_reference_source_raw`
- `market_universe`
- `symbol_reference`
- `sec_filing`
- `fundamental_snapshot_quarterly`
- `fundamental_snapshot_annual`
- `fundamental_ttm`
- `fundamental_features_daily`
- `price_history`
- `price_latest`

## Vérification rapide

Le rebuild est sain si tu obtiens au minimum :

- `symbol_reference_source_raw` peuplée
- `market_universe` peuplée
- `market_universe` avec des lignes `include_in_universe = TRUE`
- `symbol_reference` peuplée
- `sec_filing` reconstruite
- tables fondamentales peuplées si les faits SEC normalisés existent
- `price_history` et `price_latest` peuplées après le backfill Stooq puis le daily Yahoo

## Commande produit long terme

Pour lancer directement l’orchestrateur :

python3 cli/ops/rebuild_database_from_scratch.py --db-path market.duckdb --stooq-source /path/to/stooq.zip --verbose

## Variantes utiles

Rebuild sans fondamentaux :

python3 cli/ops/rebuild_database_from_scratch.py --db-path market.duckdb --stooq-source /path/to/stooq.zip --skip-fundamentals --verbose

Rebuild en réutilisant déjà les raw symboles téléchargés :

python3 cli/ops/rebuild_database_from_scratch.py --db-path market.duckdb --stooq-source /path/to/stooq.zip --skip-sec-fetch --skip-nasdaq-fetch --verbose

Rebuild sans refresh Yahoo quotidien :

python3 cli/ops/rebuild_database_from_scratch.py --db-path market.duckdb --stooq-source /path/to/stooq.zip --skip-price-daily --verbose

Rebuild sans backfill Stooq explicite :

python3 cli/ops/rebuild_database_from_scratch.py --db-path market.duckdb --skip-price-backfill --verbose

Attention : sauter le backfill Stooq n'est pas un vrai from-scratch rebuild complet.
===== DONE =====
