===== DATE =====
Mon 16 Mar 2026 08:58:27 PM EDT
===== COMPILE =====

===== IMPORT CHECK =====
fundamentals pipeline OK: <class 'stock_quant.pipelines.build_fundamentals_pipeline.BuildFundamentalsPipeline'>

===== DOC CHECK =====
# Fundamentals Pipeline

Design pattern :

raw
↓
normalized
↓
derived

---

# Raw

Tables :

sec_filing_raw_index
sec_xbrl_fact_raw

---

# Normalized

Tables :

sec_filing
sec_fact_normalized

Colonnes critiques :

period_end_date
available_at

Règle :

period_end_date = date économique
available_at = date de disponibilité marché

---

# Derived

Tables :

fundamental_snapshot_quarterly
fundamental_snapshot_annual
fundamental_ttm
fundamental_features_daily

---

# Anti look-ahead rule

Les pipelines downstream doivent utiliser :

available_at

et jamais seulement :

period_end_date
===== DONE =====
