===== DATE =====
Mon 16 Mar 2026 05:48:55 PM EDT
===== COMPILE TARGET =====

===== HELP CHECK =====
8:                                        [--skip-fundamentals] [--skip-prices]
9:                                        [--price-mode {daily,backfill}]
10:                                        [--historical-price-source HISTORICAL_PRICE_SOURCES]
33:  --skip-prices         Skip build_prices.
34:  --price-mode {daily,backfill}
36:  --historical-price-source HISTORICAL_PRICE_SOURCES
38:                        inputs when --price-mode=backfill.

===== DOC CHECK =====
# DB Rebuild

## Objectif

Reconstruire `market.duckdb` depuis zéro avec des sources réelles stockées localement.

## Sources de vérité

- `scripts/rebuild_db_from_scratch.sh` = vérité exécutable
- `docs/DB_REBUILD.md` = vérité humaine
- `cli/ops/rebuild_database_from_scratch.py` = vérité produit long terme

## Commande principale

Depuis la racine du repo :

./scripts/rebuild_db_from_scratch.sh

## Ce que fait la reconstruction

1. initialise le schéma
2. télécharge les sources symboles SEC
3. télécharge les sources symboles NASDAQ
4. charge `symbol_reference_source_raw`
5. construit `market_universe`
6. construit `symbol_reference`
7. construit `sec_filing`
8. construit `fundamentals`
9. construit `prices`

## Univers cible

Actions US standard seulement :

- NASDAQ
- NYSE

Exclusions :

- OTC
- Pink Sheet
- ETF
- ETN
- ADR
- Preferred
- Warrant
- Right
- Unit

## Fichiers raw locaux

SEC :

data/symbol_sources/sec/

NASDAQ :

data/symbol_sources/nasdaq/

Prix historiques locaux :

sources explicites passées à `--historical-price-source` quand `--price-mode=backfill`

## Tables coeur attendues

- `symbol_reference_source_raw`
- `market_universe`
- `symbol_reference`
- `sec_filing`
- `fundamental_snapshot_quarterly`
- `fundamental_snapshot_annual`
- `fundamental_ttm`
- `fundamental_features_daily`
- `price_history`
- `price_latest`

## Vérification rapide

Le rebuild est sain si tu obtiens au minimum :

- `symbol_reference_source_raw` peuplée
- `market_universe` peuplée
- `market_universe` avec des lignes `include_in_universe = TRUE`
- `symbol_reference` peuplée
- `sec_filing` reconstruite
- tables fondamentales peuplées si les faits SEC normalisés existent
- `price_history` et `price_latest` peuplées si une source prix valide est disponible

## Commande produit long terme

Pour lancer directement l’orchestrateur :

python3 cli/ops/rebuild_database_from_scratch.py --db-path market.duckdb --verbose

## Variantes utiles

Rebuild sans fondamentaux :

python3 cli/ops/rebuild_database_from_scratch.py --db-path market.duckdb --skip-fundamentals --verbose

Rebuild en réutilisant déjà les raw téléchargés :

python3 cli/ops/rebuild_database_from_scratch.py --db-path market.duckdb --skip-sec-fetch --skip-nasdaq-fetch --verbose

Rebuild avec prix quotidiens :

python3 cli/ops/rebuild_database_from_scratch.py --db-path market.duckdb --price-mode daily --verbose

Rebuild avec backfill historique prix :

python3 cli/ops/rebuild_database_from_scratch.py --db-path market.duckdb --price-mode backfill --historical-price-source /path/to/stooq.zip --verbose
===== DONE =====
