===== DATE =====
Mon 16 Mar 2026 07:04:03 PM EDT
===== COMPILE TARGET =====

===== HELP CHECK =====
8:                                        [--skip-sec-fact-normalized]
12:                                        [--stooq-source STOOQ_SOURCES]
17:                                        [--skip-finra]
24:                                        [--disallow-adr] [--verbose]
42:  --skip-sec-fact-normalized
50:  --stooq-source STOOQ_SOURCES
63:  --skip-finra          Skip FINRA daily refresh.
77:  --disallow-adr        Explicitly disallow ADR in market universe build. This

===== DOC CHECK =====
# Stock-Quant Data Pipeline Pattern

Ce document définit le design pattern officiel pour tous les pipelines du projet.

Objectif :

- pipelines reproductibles
- auditables
- SQL-first
- bias-aware
- compatibles OOP

Chaque domaine de données suit exactement les mêmes couches :

raw
↓
normalized
↓
derived / features / serving

## 1. Raw layer

But :

- conserver les données source telles quelles
- append-only
- reprocessing possible
- audit complet

Les tables raw ne doivent jamais être modifiées par des pipelines downstream.

Convention :

    <domain>_*_raw

Exemples :

- symbol_reference_source_raw
- sec_filing_raw_index
- sec_xbrl_fact_raw
- price_source_daily_raw
- price_source_daily_raw_yahoo
- finra_short_interest_source_raw
- finra_daily_short_volume_source_raw

CLI associées :

- cli/raw/*

## 2. Normalized layer

But :

- harmoniser le schéma
- nettoyer les données
- typer correctement
- dédupliquer
- créer les clés métier
- intégrer les sources multiples
- garantir la sécurité PIT

Convention :

    <domain>_*
ou
    <domain>_*_normalized

Exemples :

- symbol_reference
- sec_filing
- sec_fact_normalized
- price_history
- finra_short_interest_history

Règles PIT :

- SEC : utiliser available_at pour la disponibilité marché
- FINRA : utiliser available_at / publication date pour la disponibilité marché
- PRICES : price_history est la normalized canonique, price_latest est serving only

Les pipelines downstream doivent lire uniquement les tables normalized.

CLI associées :

- cli/core/build_*

Pipelines :

- stock_quant/pipelines/build_*_pipeline.py

## 3. Derived / Feature layer

But :

- tables analytiques
- agrégations
- snapshots
- features ML
- latest state

Convention :

- *_latest
- *_features_daily
- *_snapshot_*
- *_ttm

Exemples :

- market_universe
- price_latest
- fundamental_snapshot_quarterly
- fundamental_snapshot_annual
- fundamental_ttm
- fundamental_features_daily
- finra_short_interest_latest
- short_features_daily

## 4. Orchestrators

Les orchestrateurs gèrent :

- ordre des pipelines
- refresh incrémental
- gestion des sources
- logging

CLI :

- cli/ops/run_*_daily_refresh.py
- cli/ops/rebuild_database_from_scratch.py

## Domain pipelines

### Symbols

raw

- symbol_reference_source_raw

normalized

- symbol_reference

derived

- market_universe
- universe_membership_history

### SEC

raw

- sec_filing_raw_index
- sec_xbrl_fact_raw

normalized

- sec_filing
- sec_fact_normalized

derived

- fundamental_snapshot_quarterly
- fundamental_snapshot_annual
- fundamental_ttm
- fundamental_features_daily

### Prices

raw

- price_source_daily_raw
- price_source_daily_raw_all
- price_source_daily_raw_yahoo

normalized

- price_history

derived

- price_latest

### FINRA

raw

- finra_short_interest_source_raw
- finra_daily_short_volume_source_raw

normalized

- finra_short_interest_history

derived

- finra_short_interest_latest
- short_features_daily

## Hard rules

1. Raw tables are append-only.
2. Normalized tables must be deterministic and idempotent.
3. Derived tables must depend only on normalized tables.
4. No research pipeline should read raw tables.
5. No backtest / dataset / labeler should read price_latest.
6. SEC and FINRA availability must use available_at, not economic period date alone.
7. Python orchestration should remain thin.
8. SQL-first logic whenever possible.

===== REBUILD DOC CHECK =====
# DB Rebuild

## Objectif

Reconstruire `market.duckdb` depuis zéro avec des sources réelles stockées localement.

## Sources de vérité

- `scripts/rebuild_db_from_scratch.sh` = vérité exécutable
- `docs/DB_REBUILD.md` = vérité humaine
- `cli/ops/rebuild_database_from_scratch.py` = vérité produit long terme

## Commande principale

Depuis la racine du repo :

STOOQ_SOURCE=/path/to/stooq.zip ./scripts/rebuild_db_from_scratch.sh

## Ce que fait la reconstruction

1. initialise le schéma
2. télécharge les sources symboles SEC
3. télécharge les sources symboles NASDAQ
4. charge `symbol_reference_source_raw`
5. construit `market_universe`
6. construit `symbol_reference`
7. construit `sec_filing`
8. construit `sec_fact_normalized`
9. construit `fundamentals`
10. construit les prix historiques via Stooq
11. applique un refresh daily des prix via Yahoo Finance
12. exécute le refresh quotidien FINRA

## Univers cible

Actions US standard seulement :

- NASDAQ
- NYSE

Exclusions :

- OTC
- Pink Sheet
- ETF
- ETN
- ADR
- Preferred
- Warrant
- Right
- Unit

## Fichiers raw locaux

SEC :

- data/symbol_sources/sec/

NASDAQ :

- data/symbol_sources/nasdaq/

Prix historiques Stooq :

- sources explicites passées à `--stooq-source`

FINRA :

- data/raw/finra/short_interest/

## Tables coeur attendues

- `symbol_reference_source_raw`
- `market_universe`
- `symbol_reference`
- `sec_filing`
- `sec_fact_normalized`
- `fundamental_snapshot_quarterly`
- `fundamental_snapshot_annual`
- `fundamental_ttm`
- `fundamental_features_daily`
- `price_history`
- `price_latest`
- `finra_short_interest_source_raw`
- `finra_short_interest_history`
- `finra_short_interest_latest`
- `short_features_daily`

## Vérification rapide

Le rebuild est sain si tu obtiens au minimum :

- `symbol_reference_source_raw` peuplée
- `market_universe` peuplée
- `market_universe` avec des lignes `include_in_universe = TRUE`
- `symbol_reference` peuplée
- `sec_filing` reconstruite
- `sec_fact_normalized` peuplée si `sec_xbrl_fact_raw` est disponible
- tables fondamentales peuplées si `sec_fact_normalized` est disponible
- `price_history` et `price_latest` peuplées après le backfill Stooq puis le daily Yahoo
- tables FINRA peuplées si des fichiers FINRA exploitables sont disponibles

## Rappels critiques anti-biais

- Fundamentals : utiliser `available_at`, jamais `period_end_date` seul pour la disponibilité marché
- Prices : les pipelines de recherche ne doivent jamais lire `price_latest`
- FINRA : utiliser la date de disponibilité/publication, pas seulement la date économique
- Universe : le rebuild du projet reste ADR-free

## Commande produit long terme

Pour lancer directement l’orchestrateur :

python3 cli/ops/rebuild_database_from_scratch.py --db-path market.duckdb --stooq-source /path/to/stooq.zip --verbose

## Variantes utiles

Rebuild sans fondamentaux :

python3 cli/ops/rebuild_database_from_scratch.py --db-path market.duckdb --stooq-source /path/to/stooq.zip --skip-fundamentals --verbose

Rebuild en réutilisant déjà les raw symboles téléchargés :

python3 cli/ops/rebuild_database_from_scratch.py --db-path market.duckdb --stooq-source /path/to/stooq.zip --skip-sec-fetch --skip-nasdaq-fetch --verbose

Rebuild sans refresh Yahoo quotidien :

python3 cli/ops/rebuild_database_from_scratch.py --db-path market.duckdb --stooq-source /path/to/stooq.zip --skip-price-daily --verbose

Rebuild sans FINRA :

python3 cli/ops/rebuild_database_from_scratch.py --db-path market.duckdb --stooq-source /path/to/stooq.zip --skip-finra --verbose

Fenêtre FINRA explicite :

python3 cli/ops/rebuild_database_from_scratch.py --db-path market.duckdb --stooq-source /path/to/stooq.zip --finra-start-date 2026-01-01 --finra-end-date 2026-03-16 --verbose

Attention : sauter le backfill Stooq n'est pas un vrai from-scratch rebuild complet.
===== DONE =====
