===== DATE =====
Mon 16 Mar 2026 09:20:29 PM EDT

===== PYTHON IMPORT TEST ALL MODULES =====
IMPORT_FAILURES: 0

===== FILES SIZE (EMPTY FILE DETECTION) =====
0 stock_quant/app/dto/__init__.py
0 stock_quant/app/__init__.py
0 stock_quant/app/orchestrators/__init__.py
0 stock_quant/app/services/__init__.py
0 stock_quant/domain/entities/__init__.py
0 stock_quant/domain/__init__.py
0 stock_quant/domain/policies/__init__.py
0 stock_quant/domain/ports/__init__.py
0 stock_quant/domain/value_objects/__init__.py
0 stock_quant/infrastructure/config/__init__.py
0 stock_quant/infrastructure/db/__init__.py
0 stock_quant/infrastructure/__init__.py
0 stock_quant/infrastructure/logging/__init__.py
0 stock_quant/infrastructure/providers/finra/__init__.py
0 stock_quant/infrastructure/providers/__init__.py
0 stock_quant/infrastructure/providers/news/__init__.py
0 stock_quant/infrastructure/providers/prices/__init__.py
0 stock_quant/infrastructure/providers/sec/__init__.py
0 stock_quant/infrastructure/providers/symbols/__init__.py
0 stock_quant/infrastructure/repositories/__init__.py
0 stock_quant/pipelines/__init__.py
0 stock_quant/research/backtests/__init__.py
0 stock_quant/research/catalog/__init__.py
0 stock_quant/research/datasets/__init__.py
0 stock_quant/research/feature_engine/__init__.py
0 stock_quant/research/__init__.py
0 stock_quant/research/label_engine/__init__.py
0 stock_quant/research/tracking/__init__.py
0 stock_quant/shared/__init__.py
35 stock_quant/__init__.py
154 stock_quant/shared/constants.py
190 stock_quant/domain/value_objects/exchange.py
232 cli/raw/load_news_source_raw_csv.py
233 cli/build_prices.py
235 cli/build_news_raw.py
235 cli/init_market_db.py
236 cli/pipeline_status.py
238 cli/run_core_pipeline.py
242 cli/build_market_universe.py
243 cli/build_symbol_reference.py

===== SEARCH price_latest USAGE =====
stock_quant/pipelines/build_prices_pipeline.py:21:    - `price_latest` = serving only
stock_quant/pipelines/build_prices_pipeline.py:22:    - le pipeline ne doit jamais promouvoir `price_latest` comme source de recherche
stock_quant/pipelines/build_prices_pipeline.py:27:    price_latest_rows_after_refresh: int
stock_quant/pipelines/build_prices_pipeline.py:45:    - `price_latest` ne doit jamais servir aux backtests / features
stock_quant/pipelines/build_prices_pipeline.py:79:            price_latest_rows_after_refresh=result.price_latest_rows_after_refresh,
stock_quant/pipelines/prices_pipeline.py.bak:92:        latest_rows = int(self.repository.refresh_price_latest())
stock_quant/domain/ports/repositories.py:54:    def rebuild_price_latest(self) -> int:
stock_quant/app/services/price_ingestion_service.py.bak:16:    price_latest_rows_after_refresh: int
stock_quant/app/services/price_ingestion_service.py.bak:27:    - refresh price_latest only for touched symbols
stock_quant/app/services/price_ingestion_service.py.bak:54:                    price_latest_rows_after_refresh=self.price_repository.refresh_price_latest([]),
stock_quant/app/services/price_ingestion_service.py.bak:75:            latest_rows_after_refresh = self.price_repository.refresh_price_latest(touched_symbols)
stock_quant/app/services/price_ingestion_service.py.bak:81:                price_latest_rows_after_refresh=latest_rows_after_refresh,
stock_quant/app/services/price_ingestion_service.py:18:    price_latest_rows_after_refresh: int
stock_quant/app/services/price_ingestion_service.py:143:                    price_latest_rows_after_refresh=self.price_repository.refresh_price_latest([]),
stock_quant/app/services/price_ingestion_service.py:164:            latest_rows_after_refresh = self.price_repository.refresh_price_latest(touched_symbols)
stock_quant/app/services/price_ingestion_service.py:170:                price_latest_rows_after_refresh=latest_rows_after_refresh,
stock_quant/app/orchestrators/price_daily_refresh_orchestrator.py:15:    price_latest_rows_after_refresh: int
stock_quant/app/orchestrators/price_daily_refresh_orchestrator.py:65:            price_latest_rows_after_refresh=result.price_latest_rows_after_refresh,
stock_quant/infrastructure/db/schema_manager.py:48:            self._create_price_latest()
stock_quant/infrastructure/db/schema_manager.py:289:    def _create_price_latest(self) -> None:
stock_quant/infrastructure/db/table_names.py:12:PRICE_LATEST = "price_latest"
stock_quant/infrastructure/repositories/duckdb_price_repository.py.bak:82:    def refresh_price_latest(self, symbols: list[str] | None = None) -> int:
stock_quant/infrastructure/repositories/duckdb_price_repository.py.bak:84:            latest_columns = self._table_columns("price_latest")
stock_quant/infrastructure/repositories/duckdb_price_repository.py.bak:87:                raise RepositoryError("price_latest table is missing")
stock_quant/infrastructure/repositories/duckdb_price_repository.py.bak:96:                    return self._count_rows("price_latest")
stock_quant/infrastructure/repositories/duckdb_price_repository.py.bak:98:                self.con.execute("CREATE TEMP TABLE tmp_price_latest_symbols(symbol VARCHAR)")
stock_quant/infrastructure/repositories/duckdb_price_repository.py.bak:102:                        f"INSERT INTO tmp_price_latest_symbols VALUES {values_sql}",
stock_quant/infrastructure/repositories/duckdb_price_repository.py.bak:108:                        DELETE FROM price_latest
stock_quant/infrastructure/repositories/duckdb_price_repository.py.bak:111:                            FROM tmp_price_latest_symbols
stock_quant/infrastructure/repositories/duckdb_price_repository.py.bak:116:                    insert_sql = self._build_price_latest_insert_sql(
stock_quant/infrastructure/repositories/duckdb_price_repository.py.bak:122:                                FROM tmp_price_latest_symbols
stock_quant/infrastructure/repositories/duckdb_price_repository.py.bak:128:                    self._drop_temp_table("tmp_price_latest_symbols")
stock_quant/infrastructure/repositories/duckdb_price_repository.py.bak:130:                self.con.execute("DELETE FROM price_latest")
stock_quant/infrastructure/repositories/duckdb_price_repository.py.bak:131:                insert_sql = self._build_price_latest_insert_sql(
stock_quant/infrastructure/repositories/duckdb_price_repository.py.bak:138:            return self._count_rows("price_latest")
stock_quant/infrastructure/repositories/duckdb_price_repository.py.bak:140:            raise RepositoryError(f"failed to refresh price_latest: {exc}") from exc
stock_quant/infrastructure/repositories/duckdb_price_repository.py.bak:363:    def _build_price_latest_insert_sql(
stock_quant/infrastructure/repositories/duckdb_price_repository.py.bak:389:            raise RepositoryError("price_latest has no supported columns")
stock_quant/infrastructure/repositories/duckdb_price_repository.py.bak:396:            INSERT INTO price_latest ({", ".join(insert_columns)})
stock_quant/infrastructure/repositories/duckdb_price_repository.py:91:    def refresh_price_latest(self, symbols: list[str] | None = None) -> int:
stock_quant/infrastructure/repositories/duckdb_price_repository.py:93:            latest_columns = self._table_columns("price_latest")
stock_quant/infrastructure/repositories/duckdb_price_repository.py:96:                raise RepositoryError("price_latest table is missing")
stock_quant/infrastructure/repositories/duckdb_price_repository.py:105:                    return self._count_rows("price_latest")
stock_quant/infrastructure/repositories/duckdb_price_repository.py:107:                self.con.execute("CREATE TEMP TABLE tmp_price_latest_symbols(symbol VARCHAR)")
stock_quant/infrastructure/repositories/duckdb_price_repository.py:111:                        f"INSERT INTO tmp_price_latest_symbols VALUES {values_sql}",
stock_quant/infrastructure/repositories/duckdb_price_repository.py:117:                        DELETE FROM price_latest
stock_quant/infrastructure/repositories/duckdb_price_repository.py:120:                            FROM tmp_price_latest_symbols
stock_quant/infrastructure/repositories/duckdb_price_repository.py:125:                    insert_sql = self._build_price_latest_insert_sql(
stock_quant/infrastructure/repositories/duckdb_price_repository.py:131:                                FROM tmp_price_latest_symbols
stock_quant/infrastructure/repositories/duckdb_price_repository.py:137:                    self._drop_temp_table("tmp_price_latest_symbols")
stock_quant/infrastructure/repositories/duckdb_price_repository.py:139:                self.con.execute("DELETE FROM price_latest")
stock_quant/infrastructure/repositories/duckdb_price_repository.py:140:                insert_sql = self._build_price_latest_insert_sql(
stock_quant/infrastructure/repositories/duckdb_price_repository.py:147:            return self._count_rows("price_latest")
stock_quant/infrastructure/repositories/duckdb_price_repository.py:149:            raise RepositoryError(f"failed to refresh price_latest: {exc}") from exc
stock_quant/infrastructure/repositories/duckdb_price_repository.py:263:    def rebuild_price_latest(self) -> int:
stock_quant/infrastructure/repositories/duckdb_price_repository.py:264:        return self.refresh_price_latest(symbols=None)
stock_quant/infrastructure/repositories/duckdb_price_repository.py:491:    def _build_price_latest_insert_sql(
stock_quant/infrastructure/repositories/duckdb_price_repository.py:517:            raise RepositoryError("price_latest has no supported columns")
stock_quant/infrastructure/repositories/duckdb_price_repository.py:524:            INSERT INTO price_latest ({", ".join(insert_columns)})
cli/raw/load_price_source_daily_raw_all_from_stooq_dir.py:36:# - construction price_history / price_latest
cli/core/pipeline_status.py.bak:68:            "price_latest": safe_scalar(con, "SELECT COUNT(*) FROM price_latest"),
cli/core/pipeline_status.py.bak:88:            "price_latest_symbols": sample_string(
cli/core/pipeline_status.py.bak:92:                FROM price_latest
cli/core/build_prices.py:43:    - `price_latest` est une table de serving only
cli/core/build_prices.py:48:    price_latest_rows_after_refresh: int
cli/core/build_prices.py:56:            "Build price_history and price_latest from staged raw prices or incremental providers. "
cli/core/build_prices.py:57:            "Normalized canonical table is price_history; price_latest is serving only."
cli/core/build_prices.py:164:    - `price_latest` ne doit pas être lu par les pipelines de recherche
cli/core/build_prices.py:182:    latest_rows = repository.rebuild_price_latest()
cli/core/build_prices.py:188:        price_latest_rows_after_refresh=latest_rows,
cli/core/build_prices.py:248:        print("[build_prices] derived_table=price_latest (serving only)")
cli/core/build_prices.py:295:                "derived_table": "price_latest",
cli/core/build_prices.py:312:                "derived_table": "price_latest",
cli/core/build_prices.py:316:                "price_latest_rows_after_refresh": result.price_latest_rows_after_refresh,
cli/core/pipeline_status.py:152:            "price_latest": safe_scalar(
cli/core/pipeline_status.py:153:                con, "SELECT COUNT(*) FROM price_latest"
cli/core/pipeline_status.py:195:            "price_latest_symbols": sample_string(
cli/core/pipeline_status.py:199:                FROM price_latest
cli/core/build_prices.py.bak:26:        description="Build price_history and price_latest using the incremental OOP price pipeline."
cli/core/build_prices.py.bak:135:            "price_latest_rows_after_refresh": result.price_latest_rows_after_refresh,
cli/ops/run_price_daily_refresh.py:105:    print("DERIVED TABLE: price_latest (serving only)", flush=True)

===== SEARCH available_at USAGE =====
stock_quant/pipelines/build_feature_engine_pipeline.py:270:            SELECT company_id, period_type, period_end_date AS as_of_date, available_at
stock_quant/pipelines/build_feature_engine_pipeline.py:273:            SELECT company_id, period_type, period_end_date AS as_of_date, available_at
stock_quant/pipelines/build_feature_engine_pipeline.py:276:            SELECT company_id, period_type, period_end_date AS as_of_date, available_at
stock_quant/pipelines/build_feature_engine_pipeline.py:287:                m.available_at,
stock_quant/pipelines/build_feature_engine_pipeline.py:306:                COALESCE(available_at, period_end_date) AS available_at,
stock_quant/pipelines/build_feature_engine_pipeline.py:307:                COALESCE(available_at, period_end_date) AS effective_as_of_date,
stock_quant/pipelines/build_feature_engine_pipeline.py:382:                    fe.available_at DESC,
stock_quant/pipelines/build_short_interest_pipeline.py:369:                max_source_available_at,
stock_quant/pipelines/build_short_interest_pipeline.py:390:                CURRENT_TIMESTAMP AS max_source_available_at,
stock_quant/pipelines/build_sec_fact_normalized_pipeline.py:47:                    "available_at": row.get("available_at"),
stock_quant/pipelines/feature_engine_pipeline.py.bak:257:                available_at
stock_quant/pipelines/feature_engine_pipeline.py.bak:264:                available_at
stock_quant/pipelines/feature_engine_pipeline.py.bak:271:                available_at
stock_quant/pipelines/feature_engine_pipeline.py.bak:282:                m.available_at,
stock_quant/pipelines/feature_engine_pipeline.py.bak:301:                COALESCE(available_at, period_end_date) AS available_at,
stock_quant/pipelines/feature_engine_pipeline.py.bak:302:                COALESCE(available_at, period_end_date) AS effective_as_of_date,
stock_quant/pipelines/feature_engine_pipeline.py.bak:377:                    fe.available_at DESC,
stock_quant/pipelines/fundamentals_pipeline.py.bak:63:                sf.available_at,
stock_quant/pipelines/fundamentals_pipeline.py.bak:88:                available_at,
stock_quant/pipelines/fundamentals_pipeline.py.bak:149:                available_at
stock_quant/pipelines/fundamentals_pipeline.py.bak:161:                available_at,
stock_quant/pipelines/fundamentals_pipeline.py.bak:177:                available_at,
stock_quant/pipelines/fundamentals_pipeline.py.bak:203:                available_at,
stock_quant/pipelines/fundamentals_pipeline.py.bak:219:                available_at,
stock_quant/pipelines/fundamentals_pipeline.py.bak:247:                    available_at,
stock_quant/pipelines/fundamentals_pipeline.py.bak:293:                available_at,
stock_quant/pipelines/fundamentals_pipeline.py.bak:316:                available_at,
stock_quant/pipelines/fundamentals_pipeline.py.bak:332:                available_at,
stock_quant/pipelines/build_news_pipeline.py:72:                r.published_at AS available_at,
stock_quant/pipelines/build_news_pipeline.py:124:                nr.available_at,
stock_quant/pipelines/build_news_pipeline.py:147:                available_at,
stock_quant/pipelines/build_news_pipeline.py:158:                available_at,
stock_quant/pipelines/build_news_pipeline.py:229:                l.available_at,
stock_quant/pipelines/build_news_pipeline.py:231:                    WHEN CAST(l.available_at AS TIME) < TIME '09:30:00' THEN (
stock_quant/pipelines/build_news_pipeline.py:235:                          AND pc.bar_date >= CAST(l.available_at AS DATE)
stock_quant/pipelines/build_news_pipeline.py:241:                          AND pc.bar_date > CAST(l.available_at AS DATE)
stock_quant/pipelines/short_data_pipeline.py.bak:78:        self._ensure_column("short_interest_history", "available_at", "TIMESTAMP")
stock_quant/pipelines/short_data_pipeline.py.bak:81:        self._ensure_column("daily_short_volume_history", "available_at", "TIMESTAMP")
stock_quant/pipelines/short_data_pipeline.py.bak:89:        self._ensure_column("short_features_daily", "max_source_available_at", "TIMESTAMP")
stock_quant/pipelines/short_data_pipeline.py.bak:183:                  AND available_at IS NULL
stock_quant/pipelines/short_data_pipeline.py.bak:200:            SET available_at = COALESCE(
stock_quant/pipelines/short_data_pipeline.py.bak:201:                available_at,
stock_quant/pipelines/short_data_pipeline.py.bak:205:              AND available_at IS NULL
stock_quant/pipelines/short_data_pipeline.py.bak:225:                  AND available_at IS NULL
stock_quant/pipelines/short_data_pipeline.py.bak:232:            "backfilled_short_interest_available_at": before_missing_avail - after_missing_avail,
stock_quant/pipelines/short_data_pipeline.py.bak:249:        if "available_at" in raw_cols:
stock_quant/pipelines/short_data_pipeline.py.bak:251:                f"COALESCE(CAST(r.available_at AS TIMESTAMP), CAST({publication_expr} AS TIMESTAMP))"
stock_quant/pipelines/short_data_pipeline.py.bak:274:                    {available_expr} AS available_at,
stock_quant/pipelines/short_data_pipeline.py.bak:304:                    available_at,
stock_quant/pipelines/short_data_pipeline.py.bak:327:                MAX(available_at) AS available_at,
stock_quant/pipelines/short_data_pipeline.py.bak:362:                available_at = COALESCE(
stock_quant/pipelines/short_data_pipeline.py.bak:363:                    s.available_at,
stock_quant/pipelines/short_data_pipeline.py.bak:364:                    h.available_at,
stock_quant/pipelines/short_data_pipeline.py.bak:382:                available_at,
stock_quant/pipelines/short_data_pipeline.py.bak:397:                    s.available_at,
stock_quant/pipelines/short_data_pipeline.py.bak:399:                ) AS available_at,
stock_quant/pipelines/short_data_pipeline.py.bak:425:            SET available_at = COALESCE(
stock_quant/pipelines/short_data_pipeline.py.bak:426:                available_at,
stock_quant/pipelines/short_data_pipeline.py.bak:430:              AND available_at IS NULL
stock_quant/pipelines/short_data_pipeline.py.bak:463:                  AND available_at IS NULL
stock_quant/pipelines/short_data_pipeline.py.bak:475:            "remaining_daily_short_volume_history_null_available_at": null_avail,
stock_quant/pipelines/short_data_pipeline.py.bak:487:                  AND max_source_available_at IS NULL
stock_quant/pipelines/short_data_pipeline.py.bak:512:                max_source_available_at = COALESCE(
stock_quant/pipelines/short_data_pipeline.py.bak:513:                    d.available_at,
stock_quant/pipelines/short_data_pipeline.py.bak:514:                    f.max_source_available_at,
stock_quant/pipelines/short_data_pipeline.py.bak:541:                    f.max_source_available_at IS NULL
stock_quant/pipelines/short_data_pipeline.py.bak:558:                  AND max_source_available_at IS NULL
stock_quant/pipelines/short_data_pipeline.py.bak:574:            "backfilled_short_features_max_source_available_at": (
stock_quant/pipelines/short_data_pipeline.py.bak:580:            "remaining_short_features_null_max_source_available_at": after_missing_max_available,
stock_quant/pipelines/short_data_pipeline.py.bak:604:                d.available_at,
stock_quant/pipelines/short_data_pipeline.py.bak:629:                    d.available_at AS volume_available_at,
stock_quant/pipelines/short_data_pipeline.py.bak:635:                    s.available_at AS short_available_at,
stock_quant/pipelines/short_data_pipeline.py.bak:676:                COALESCE(short_available_at, volume_available_at, CAST(as_of_date AS TIMESTAMP)) AS max_source_available_at,
stock_quant/pipelines/short_data_pipeline.py.bak:702:                max_source_available_at,
stock_quant/pipelines/short_data_pipeline.py.bak:723:                max_source_available_at,
stock_quant/domain/entities/sec_filing.py:151:    def available_at(self) -> datetime | None:
stock_quant/domain/entities/sec_filing.py:260:    - available_at
stock_quant/domain/entities/sec_filing.py:263:    - available_at doit représenter le premier moment où le filing devient
stock_quant/domain/entities/sec_filing.py:276:    available_at: datetime | None
stock_quant/domain/entities/sec_filing.py:294:        available_at est la clé critique.
stock_quant/domain/entities/sec_filing.py:296:        return self.available_at is not None
stock_quant/domain/entities/fundamental.py:14:    available_at: datetime | None
stock_quant/domain/entities/news_intelligence.py:12:    available_at: datetime | None
stock_quant/app/services/news_service.py:53:                available_at=published_at,
stock_quant/app/services/short_interest_service.py:32:                    "available_at": r["available_at"],
stock_quant/app/services/sec_filings_service.py:9:# - as_of_date des features = date de disponibilité réelle (available_at)
stock_quant/app/services/sec_filings_service.py:48:        - available_at est pris depuis le filing
stock_quant/app/services/sec_filings_service.py:61:        # 1) available_at la plus récente
stock_quant/app/services/sec_filings_service.py:90:            available_at = filing.get("available_at")
stock_quant/app/services/sec_filings_service.py:114:                "available_at": available_at,
stock_quant/app/services/sec_filings_service.py:143:            # available_at du snapshot = max available_at des faits retenus
stock_quant/app/services/sec_filings_service.py:144:            current_available_at = grouped[key].get("available_at")
stock_quant/app/services/sec_filings_service.py:145:            payload_available_at = payload.get("available_at")
stock_quant/app/services/sec_filings_service.py:146:            if current_available_at is None:
stock_quant/app/services/sec_filings_service.py:147:                grouped[key]["available_at"] = payload_available_at
stock_quant/app/services/sec_filings_service.py:148:            elif payload_available_at is not None and payload_available_at > current_available_at:
stock_quant/app/services/sec_filings_service.py:149:                grouped[key]["available_at"] = payload_available_at
stock_quant/app/services/sec_filings_service.py:162:                available_at=payload.get("available_at"),
stock_quant/app/services/sec_filings_service.py:203:        - as_of_date = date(available_at) quand disponible
stock_quant/app/services/sec_filings_service.py:210:            if row.available_at is not None:
stock_quant/app/services/sec_filings_service.py:211:                as_of_date = row.available_at.date()
stock_quant/app/services/sec_filings_service.py:273:        - available_at du TTM = max(available_at) de la fenêtre
stock_quant/app/services/sec_filings_service.py:294:                # available_at du TTM = date réelle de disponibilité de la
stock_quant/app/services/sec_filings_service.py:295:                # fenêtre entière, donc max available_at connue dans la fenêtre.
stock_quant/app/services/sec_filings_service.py:296:                # Si aucune available_at n'est présente, on laisse None et
stock_quant/app/services/sec_filings_service.py:299:                available_candidates = [row.available_at for row in window if row.available_at is not None]
stock_quant/app/services/sec_filings_service.py:300:                ttm_available_at = max(available_candidates) if available_candidates else None
stock_quant/app/services/sec_filings_service.py:308:                        available_at=ttm_available_at,
stock_quant/app/services/sec_filings_service.py:341:        1) available_at la plus récente
stock_quant/app/services/sec_filings_service.py:349:            self._sort_key_datetime(candidate.get("available_at")),
stock_quant/app/services/sec_filings_service.py:354:            self._sort_key_datetime(current.get("available_at")),
stock_quant/app/services/sec_filing_service.py:39:            available_at = accepted_at or datetime.utcnow()
stock_quant/app/services/sec_filing_service.py:52:                    available_at=available_at,
stock_quant/app/services/fundamentals_service.py:12:    available_at afin d'éviter le look-ahead bias.
stock_quant/app/services/fundamentals_service.py:38:                    "available_at": row["available_at"],
stock_quant/app/services/sec_filing_service.py.bak:28:            available_at = accepted_at or datetime.utcnow()
stock_quant/app/services/sec_filing_service.py.bak:41:                    available_at=available_at,
stock_quant/shared/time_conventions.py:14:    "available_at": "Timestamp à partir duquel la donnée est exploitable dans le moteur.",
stock_quant/shared/time_conventions.py:27:    available_at: datetime | None = None
stock_quant/shared/time_conventions.py:38:            "available_at": self.available_at,
stock_quant/infrastructure/db/short_data_schema.py.bak:69:                available_at TIMESTAMP,
stock_quant/infrastructure/db/short_data_schema.py.bak:84:                available_at TIMESTAMP,
stock_quant/infrastructure/db/short_data_schema.py.bak:108:            CREATE INDEX IF NOT EXISTS idx_short_interest_history_available_at
stock_quant/infrastructure/db/short_data_schema.py.bak:109:            ON short_interest_history(available_at)
stock_quant/infrastructure/db/short_data_schema.py.bak:122:                available_at TIMESTAMP,
stock_quant/infrastructure/db/short_data_schema.py.bak:146:            CREATE INDEX IF NOT EXISTS idx_daily_short_volume_history_available_at
stock_quant/infrastructure/db/short_data_schema.py.bak:147:            ON daily_short_volume_history(available_at)
stock_quant/infrastructure/db/short_data_schema.py.bak:171:                max_source_available_at TIMESTAMP,
stock_quant/infrastructure/db/short_data_schema.py.bak:195:        self._add_column_if_missing(con, "finra_daily_short_volume_source_raw", "available_at", "TIMESTAMP")
stock_quant/infrastructure/db/short_data_schema.py.bak:199:        self._add_column_if_missing(con, "short_interest_history", "available_at", "TIMESTAMP")
stock_quant/infrastructure/db/short_data_schema.py.bak:203:        self._add_column_if_missing(con, "daily_short_volume_history", "available_at", "TIMESTAMP")
stock_quant/infrastructure/db/short_data_schema.py.bak:208:        self._add_column_if_missing(con, "short_features_daily", "max_source_available_at", "TIMESTAMP")
stock_quant/infrastructure/db/short_data_schema.py:62:                available_at TIMESTAMP,
stock_quant/infrastructure/db/short_data_schema.py:77:                available_at TIMESTAMP,
stock_quant/infrastructure/db/short_data_schema.py:97:                available_at TIMESTAMP,
stock_quant/infrastructure/db/short_data_schema.py:128:                max_source_available_at TIMESTAMP,
stock_quant/infrastructure/db/short_data_schema.py:140:        self._add_column_if_missing(con, "finra_daily_short_volume_source_raw", "available_at", "TIMESTAMP")
stock_quant/infrastructure/db/short_data_schema.py:144:        self._add_column_if_missing(con, "short_interest_history", "available_at", "TIMESTAMP")
stock_quant/infrastructure/db/short_data_schema.py:148:        self._add_column_if_missing(con, "daily_short_volume_history", "available_at", "TIMESTAMP")
stock_quant/infrastructure/db/short_data_schema.py:153:        self._add_column_if_missing(con, "short_features_daily", "max_source_available_at", "TIMESTAMP")
stock_quant/infrastructure/db/short_data_schema.py:158:        self._create_index_if_columns_exist(con, "short_interest_history", "idx_short_interest_history_available_at", "available_at")
stock_quant/infrastructure/db/short_data_schema.py:162:        self._create_index_if_columns_exist(con, "daily_short_volume_history", "idx_daily_short_volume_history_available_at", "available_at")
stock_quant/infrastructure/db/sec_schema.py:27:# - available_at doit être conservé quand possible
stock_quant/infrastructure/db/sec_schema.py:160:                available_at TIMESTAMP,
stock_quant/infrastructure/db/sec_schema.py:194:                available_at TIMESTAMP,
stock_quant/infrastructure/db/sec_schema.py:221:        self._add_column_if_missing("sec_filing", "available_at", "TIMESTAMP")
stock_quant/infrastructure/db/sec_schema.py:229:        self._add_column_if_missing("sec_fact_normalized", "available_at", "TIMESTAMP")
stock_quant/infrastructure/db/sec_schema.py:242:        - reconstruction point-in-time via available_at
stock_quant/infrastructure/db/sec_schema.py:261:            "idx_sec_filing_company_available_at",
stock_quant/infrastructure/db/sec_schema.py:263:            "company_id, available_at",
stock_quant/infrastructure/db/sec_schema.py:266:            "idx_sec_filing_cik_form_available_at",
stock_quant/infrastructure/db/sec_schema.py:268:            "cik, form_type, available_at",
stock_quant/infrastructure/db/sec_schema.py:276:            "idx_sec_fact_normalized_company_available_at",
stock_quant/infrastructure/db/sec_schema.py:278:            "company_id, available_at",
stock_quant/infrastructure/db/fundamentals_schema.py:30:                available_at TIMESTAMP,
stock_quant/infrastructure/db/fundamentals_schema.py:52:                available_at TIMESTAMP,
stock_quant/infrastructure/db/fundamentals_schema.py:74:                available_at TIMESTAMP,
stock_quant/infrastructure/db/news_intelligence_schema.py.bak:30:                available_at TIMESTAMP,
stock_quant/infrastructure/db/news_intelligence_schema.py:44:                available_at TIMESTAMP,
stock_quant/infrastructure/repositories/duckdb_training_dataset_repository.py:25:             AND f.available_at <= p.price_date
stock_quant/infrastructure/repositories/duckdb_training_dataset_repository.py:28:             AND s.available_at <= p.price_date
stock_quant/infrastructure/repositories/duckdb_sec_repository.py:336:                    self._safe_datetime(filing.available_at),
stock_quant/infrastructure/repositories/duckdb_sec_repository.py:357:                available_at TIMESTAMP,
stock_quant/infrastructure/repositories/duckdb_sec_repository.py:377:                    available_at,
stock_quant/infrastructure/repositories/duckdb_sec_repository.py:406:                    available_at,
stock_quant/infrastructure/repositories/duckdb_sec_repository.py:420:                    available_at,
stock_quant/infrastructure/repositories/duckdb_sec_repository.py:428:                            ORDER BY available_at DESC NULLS LAST,
stock_quant/infrastructure/repositories/duckdb_sec_repository.py:455:                available_at,
stock_quant/infrastructure/repositories/duckdb_sec_repository.py:459:            ORDER BY cik, available_at, filing_date, accession_number
stock_quant/infrastructure/repositories/duckdb_sec_repository.py:474:                "available_at": row[9],
stock_quant/infrastructure/repositories/duckdb_sec_repository.py:534:                    self._safe_datetime(fact.available_at),
stock_quant/infrastructure/repositories/duckdb_sec_repository.py:551:                available_at,
stock_quant/infrastructure/repositories/duckdb_sec_repository.py:572:                available_at,
stock_quant/infrastructure/repositories/duckdb_sec_repository.py:576:            ORDER BY cik, concept, period_end_date, available_at
stock_quant/infrastructure/repositories/duckdb_sec_repository.py:591:                "available_at": row[9],
stock_quant/infrastructure/repositories/duckdb_sec_repository.py:619:                available_at,
stock_quant/infrastructure/repositories/duckdb_sec_repository.py:625:              AND available_at IS NOT NULL
stock_quant/infrastructure/repositories/duckdb_sec_repository.py:626:              AND available_at <= ?
stock_quant/infrastructure/repositories/duckdb_sec_repository.py:627:            ORDER BY available_at DESC,
stock_quant/infrastructure/repositories/duckdb_sec_repository.py:649:            "available_at": row[9],
stock_quant/infrastructure/repositories/duckdb_sec_repository.py.bak:11:# - conservation de available_at dans sec_fact_normalized
stock_quant/infrastructure/repositories/duckdb_sec_repository.py.bak:312:                    self._safe_datetime(filing.available_at),
stock_quant/infrastructure/repositories/duckdb_sec_repository.py.bak:333:                available_at TIMESTAMP,
stock_quant/infrastructure/repositories/duckdb_sec_repository.py.bak:353:                    available_at,
stock_quant/infrastructure/repositories/duckdb_sec_repository.py.bak:382:                    available_at,
stock_quant/infrastructure/repositories/duckdb_sec_repository.py.bak:396:                    available_at,
stock_quant/infrastructure/repositories/duckdb_sec_repository.py.bak:404:                            ORDER BY available_at DESC NULLS LAST,
stock_quant/infrastructure/repositories/duckdb_sec_repository.py.bak:431:                available_at,
stock_quant/infrastructure/repositories/duckdb_sec_repository.py.bak:435:            ORDER BY cik, available_at, filing_date, accession_number
stock_quant/infrastructure/repositories/duckdb_sec_repository.py.bak:450:                "available_at": row[9],
stock_quant/infrastructure/repositories/duckdb_sec_repository.py.bak:510:                    self._safe_datetime(fact.available_at),
stock_quant/infrastructure/repositories/duckdb_sec_repository.py.bak:527:                available_at,
stock_quant/infrastructure/repositories/duckdb_sec_repository.py.bak:548:                available_at,
stock_quant/infrastructure/repositories/duckdb_sec_repository.py.bak:552:            ORDER BY cik, concept, period_end_date, available_at
stock_quant/infrastructure/repositories/duckdb_sec_repository.py.bak:567:                "available_at": row[9],
stock_quant/infrastructure/repositories/duckdb_sec_repository.py.bak:595:                available_at,
stock_quant/infrastructure/repositories/duckdb_sec_repository.py.bak:601:              AND available_at IS NOT NULL
stock_quant/infrastructure/repositories/duckdb_sec_repository.py.bak:602:              AND available_at <= ?
stock_quant/infrastructure/repositories/duckdb_sec_repository.py.bak:603:            ORDER BY available_at DESC,
stock_quant/infrastructure/repositories/duckdb_sec_repository.py.bak:625:            "available_at": row[9],
stock_quant/infrastructure/repositories/duckdb_fundamentals_repository.py.bak:33:                    available_at
stock_quant/infrastructure/repositories/duckdb_fundamentals_repository.py.bak:48:                    "available_at": row[7],
stock_quant/infrastructure/repositories/duckdb_fundamentals_repository.py.bak:263:                    row.available_at,
stock_quant/infrastructure/repositories/duckdb_fundamentals_repository.py.bak:288:                    available_at TIMESTAMP,
stock_quant/infrastructure/repositories/duckdb_fundamentals_repository.py.bak:309:                        available_at,
stock_quant/infrastructure/repositories/duckdb_fundamentals_repository.py.bak:341:                        available_at,
stock_quant/infrastructure/repositories/duckdb_fundamentals_repository.py.bak:357:                        available_at,
stock_quant/infrastructure/repositories/duckdb_fundamentals_repository.py.bak:372:                                ORDER BY available_at DESC NULLS LAST, created_at DESC NULLS LAST
stock_quant/infrastructure/repositories/duckdb_short_data_repository.py:90:            available_at_expr = "NULL"
stock_quant/infrastructure/repositories/duckdb_short_data_repository.py:91:            if "available_at" in column_names:
stock_quant/infrastructure/repositories/duckdb_short_data_repository.py:92:                available_at_expr = "available_at"
stock_quant/infrastructure/repositories/duckdb_short_data_repository.py:94:                available_at_expr = "accepted_at"
stock_quant/infrastructure/repositories/duckdb_short_data_repository.py:102:                    {available_at_expr} AS available_at,
stock_quant/infrastructure/repositories/duckdb_short_data_repository.py:118:                    "available_at": row[3],
stock_quant/infrastructure/repositories/duckdb_short_data_repository.py:139:            available_at_expr = "NULL"
stock_quant/infrastructure/repositories/duckdb_short_data_repository.py:140:            if "available_at" in column_names:
stock_quant/infrastructure/repositories/duckdb_short_data_repository.py:141:                available_at_expr = "available_at"
stock_quant/infrastructure/repositories/duckdb_short_data_repository.py:153:                    {available_at_expr} AS available_at,
stock_quant/infrastructure/repositories/duckdb_short_data_repository.py:168:                    "available_at": row[3],
stock_quant/infrastructure/repositories/duckdb_short_data_repository.py:202:                    row.get("available_at"),
stock_quant/infrastructure/repositories/duckdb_short_data_repository.py:227:                    available_at TIMESTAMP,
stock_quant/infrastructure/repositories/duckdb_short_data_repository.py:246:                        available_at,
stock_quant/infrastructure/repositories/duckdb_short_data_repository.py:279:                    "available_at",
stock_quant/infrastructure/repositories/duckdb_short_data_repository.py:292:                                ORDER BY available_at DESC NULLS LAST,
stock_quant/infrastructure/repositories/duckdb_short_data_repository.py:326:                    getattr(row, "available_at", None),
stock_quant/infrastructure/repositories/duckdb_short_data_repository.py:353:                    available_at TIMESTAMP,
stock_quant/infrastructure/repositories/duckdb_short_data_repository.py:373:                        available_at,
stock_quant/infrastructure/repositories/duckdb_short_data_repository.py:417:                    "available_at",
stock_quant/infrastructure/repositories/duckdb_short_data_repository.py:438:                                ORDER BY available_at DESC NULLS LAST,
stock_quant/infrastructure/repositories/duckdb_short_data_repository.py:468:                    getattr(row, "available_at", None),
stock_quant/infrastructure/repositories/duckdb_short_data_repository.py:495:                    available_at TIMESTAMP,
stock_quant/infrastructure/repositories/duckdb_short_data_repository.py:515:                        available_at,
stock_quant/infrastructure/repositories/duckdb_short_data_repository.py:559:                    "available_at",
stock_quant/infrastructure/repositories/duckdb_short_data_repository.py:580:                                ORDER BY available_at DESC NULLS LAST,
stock_quant/infrastructure/repositories/duckdb_short_data_repository.py:621:                    getattr(row, "max_source_available_at", None),
stock_quant/infrastructure/repositories/duckdb_short_data_repository.py:655:                    max_source_available_at TIMESTAMP,
stock_quant/infrastructure/repositories/duckdb_short_data_repository.py:682:                        max_source_available_at,
stock_quant/infrastructure/repositories/duckdb_short_data_repository.py:731:                    "max_source_available_at",
stock_quant/infrastructure/repositories/duckdb_short_data_repository.py:745:                                ORDER BY max_source_available_at DESC NULLS LAST,
stock_quant/infrastructure/repositories/duckdb_news_intelligence_repository.py:108:                    row.available_at,
stock_quant/infrastructure/repositories/duckdb_news_intelligence_repository.py:132:                    available_at,
stock_quant/infrastructure/repositories/duckdb_fundamentals_repository.py:11:    Toute sélection pour features doit filtrer sur available_at.
stock_quant/infrastructure/repositories/duckdb_fundamentals_repository.py:25:            WHERE available_at IS NOT NULL
cli/raw/load_finra_daily_short_volume_raw.py.bak:227:            available_at TIMESTAMP
cli/raw/load_finra_daily_short_volume_raw.py.bak:263:        ) AS available_at
cli/raw/load_finra_daily_short_volume_raw.py.bak:480:            available_at
cli/raw/load_finra_daily_short_volume_raw.py.bak:506:            available_at
cli/raw/load_finra_daily_short_volume_raw.py.bak:519:            available_at
cli/raw/load_finra_daily_short_volume_raw.py.bak:527:            available_at
cli/raw/load_finra_daily_short_volume_raw.py:227:            available_at TIMESTAMP
cli/raw/load_finra_daily_short_volume_raw.py:260:        ) AS available_at
cli/raw/load_finra_daily_short_volume_raw.py:477:            available_at
cli/raw/load_finra_daily_short_volume_raw.py:503:            available_at
cli/raw/load_finra_daily_short_volume_raw.py:516:            available_at
cli/raw/load_finra_daily_short_volume_raw.py:524:            available_at

===== PIPELINES PRESENT =====
stock_quant/pipelines/base_pipeline.py
stock_quant/pipelines/build_backtest_pipeline.py
stock_quant/pipelines/build_dataset_pipeline.py
stock_quant/pipelines/build_dataset_version_pipeline.py
stock_quant/pipelines/build_feature_engine_pipeline.py
stock_quant/pipelines/build_finra_short_interest_pipeline.py
stock_quant/pipelines/build_fundamentals_pipeline.py
stock_quant/pipelines/build_label_engine_pipeline.py
stock_quant/pipelines/build_market_universe_pipeline.py
stock_quant/pipelines/build_news_pipeline.py
stock_quant/pipelines/build_prices_pipeline.py
stock_quant/pipelines/build_sec_fact_normalized_pipeline.py
stock_quant/pipelines/build_sec_filings_pipeline.py
stock_quant/pipelines/build_short_interest_pipeline.py
stock_quant/pipelines/build_symbol_reference_pipeline.py
stock_quant/pipelines/build_training_dataset_pipeline.py
stock_quant/pipelines/finra_short_interest_pipeline.py
stock_quant/pipelines/fundamentals_pipeline.py
stock_quant/pipelines/__init__.py
stock_quant/pipelines/listing_history_pipeline.py
stock_quant/pipelines/market_universe_history_pipeline.py
stock_quant/pipelines/master_data_pipeline.py
stock_quant/pipelines/news_raw_pipeline.py
stock_quant/pipelines/news_symbol_candidates_pipeline.py
stock_quant/pipelines/prices_pipeline.py
stock_quant/pipelines/research_universe_pipeline.py
stock_quant/pipelines/short_interest_pipeline.py
stock_quant/pipelines/symbol_reference_history_pipeline.py

===== SERVICES PRESENT =====
stock_quant/app/services/backtest_tracking_service.py
stock_quant/app/services/dataset_version_service.py
stock_quant/app/services/feature_engine_service.py
stock_quant/app/services/fundamentals_service.py
stock_quant/app/services/__init__.py
stock_quant/app/services/listing_history_service.py
stock_quant/app/services/llm_run_tracking_service.py
stock_quant/app/services/market_universe_history_service.py
stock_quant/app/services/market_universe_service.py
stock_quant/app/services/master_data_service.py
stock_quant/app/services/news_raw_ingestion_service.py
stock_quant/app/services/news_service.py
stock_quant/app/services/news_symbol_candidate_service.py
stock_quant/app/services/pipeline_run_service.py
stock_quant/app/services/price_ingestion_service.py
stock_quant/app/services/prices_research_service.py
stock_quant/app/services/sec_filing_service.py
stock_quant/app/services/sec_filings_service.py
stock_quant/app/services/short_interest_service.py
stock_quant/app/services/subprocess_json_capture_service.py
stock_quant/app/services/symbol_reference_history_service.py
stock_quant/app/services/symbol_reference_service.py

===== REPOSITORIES PRESENT =====
stock_quant/infrastructure/repositories/duckdb_backtest_repository.py
stock_quant/infrastructure/repositories/duckdb_dataset_builder_repository.py
stock_quant/infrastructure/repositories/duckdb_dataset_version_repository.py
stock_quant/infrastructure/repositories/duckdb_feature_engine_repository.py
stock_quant/infrastructure/repositories/duckdb_fundamentals_repository.py
stock_quant/infrastructure/repositories/duckdb_label_engine_repository.py
stock_quant/infrastructure/repositories/duckdb_listing_history_repository.py
stock_quant/infrastructure/repositories/duckdb_llm_run_repository.py
stock_quant/infrastructure/repositories/duckdb_market_universe_history_repository.py
stock_quant/infrastructure/repositories/duckdb_master_data_repository.py
stock_quant/infrastructure/repositories/duckdb_news_intelligence_repository.py
stock_quant/infrastructure/repositories/duckdb_news_repository.py
stock_quant/infrastructure/repositories/duckdb_pipeline_run_repository.py
stock_quant/infrastructure/repositories/duckdb_price_repository.py
stock_quant/infrastructure/repositories/duckdb_prices_research_repository.py
stock_quant/infrastructure/repositories/duckdb_sec_repository.py
stock_quant/infrastructure/repositories/duckdb_short_data_repository.py
stock_quant/infrastructure/repositories/duckdb_short_interest_repository.py
stock_quant/infrastructure/repositories/duckdb_symbol_reference_history_repository.py
stock_quant/infrastructure/repositories/duckdb_symbol_reference_repository.py
stock_quant/infrastructure/repositories/duckdb_training_dataset_repository.py
stock_quant/infrastructure/repositories/duckdb_universe_repository.py
stock_quant/infrastructure/repositories/__init__.py

===== REBUILD PIPELINE STEPS =====
#!/usr/bin/env python3
from __future__ import annotations

import argparse
import shlex
import subprocess
import sys
from pathlib import Path

from stock_quant.infrastructure.config.settings_loader import build_app_config


def parse_args() -> argparse.Namespace:
    parser = argparse.ArgumentParser(
        description=(
            "Rebuild the DuckDB database from scratch using real raw symbol sources, "
            "SEC normalized facts, fundamentals, mandatory Stooq price backfill, "
            "optional Yahoo daily refresh, and FINRA daily refresh."
        )
    )
    parser.add_argument("--db-path", default=None, help="Path to DuckDB database file.")

    parser.add_argument("--skip-init", action="store_true", help="Skip schema initialization step.")
    parser.add_argument("--skip-sec-fetch", action="store_true", help="Skip SEC company tickers raw download.")
    parser.add_argument("--skip-nasdaq-fetch", action="store_true", help="Skip NASDAQ symbol directory raw download.")
    parser.add_argument("--skip-raw-load", action="store_true", help="Skip loading symbol_reference_source_raw.")
    parser.add_argument("--skip-market-universe", action="store_true", help="Skip build_market_universe.")
    parser.add_argument("--skip-symbol-reference", action="store_true", help="Skip build_symbol_reference.")
    parser.add_argument("--skip-sec-filings", action="store_true", help="Skip build_sec_filings.")
    parser.add_argument("--skip-sec-fact-normalized", action="store_true", help="Skip build_sec_fact_normalized.")
    parser.add_argument("--skip-fundamentals", action="store_true", help="Skip build_fundamentals.")

    parser.add_argument(
        "--skip-price-backfill",
        action="store_true",
        help="Skip mandatory historical Stooq-style price backfill step.",
    )
    parser.add_argument(
        "--skip-price-daily",
        action="store_true",
        help="Skip Yahoo daily price refresh after historical backfill.",
    )
    parser.add_argument(
        "--stooq-source",
        action="append",
        dest="stooq_sources",
        default=[],
        help="Historical Stooq source path. Repeat for multiple inputs.",
    )
    parser.add_argument(
        "--price-symbol",
        action="append",
        dest="price_symbols",
        default=[],
        help="Optional symbol filter for prices. Repeat for multiple symbols.",
    )
    parser.add_argument("--price-start-date", default=None, help="Optional start date for prices (YYYY-MM-DD).")
    parser.add_argument("--price-end-date", default=None, help="Optional end date for prices (YYYY-MM-DD).")
    parser.add_argument("--price-as-of", default=None, help="Optional single date for daily price refresh (YYYY-MM-DD).")

    parser.add_argument("--skip-finra", action="store_true", help="Skip FINRA daily refresh.")
    parser.add_argument(
        "--finra-output-dir",
        default="~/stock-quant-oop/data/raw/finra/short_interest",
        help="Directory where FINRA short-interest files are stored/downloaded.",
    )
    parser.add_argument("--finra-start-date", default=None, help="Inclusive FINRA start date YYYY-MM-DD.")
    parser.add_argument("--finra-end-date", default=None, help="Inclusive FINRA end date YYYY-MM-DD.")
    parser.add_argument(
        "--finra-source-market",
        default="regular",
        choices=["regular", "otc", "both"],
        help="Source market passed to FINRA normalized build.",
    )
    parser.add_argument("--finra-overwrite-downloads", action="store_true", help="Overwrite existing local FINRA download files.")
    parser.add_argument("--finra-truncate-raw", action="store_true", help="Delete existing finra_short_interest_source_raw before load.")

    parser.add_argument(
        "--disallow-adr",
        action="store_true",
        default=True,
        help="Explicitly disallow ADR in market universe build. This project should stay ADR-free.",
    )

    parser.add_argument("--verbose", action="store_true", help="Enable verbose child command output.")
    return parser.parse_args()


def _run_step(step_name: str, command: list[str]) -> None:
    print(f"===== STEP: {step_name} =====", flush=True)
    print("COMMAND:", " ".join(shlex.quote(part) for part in command), flush=True)

    completed = subprocess.run(command, text=True)

    if completed.returncode != 0:
        raise SystemExit(f"step failed: {step_name} (exit_code={completed.returncode})")


def _latest_file(directory: Path, pattern: str) -> Path | None:
    matches = sorted(directory.glob(pattern))
    if not matches:
        return None
    return matches[-1]


def _extend_with_optional_price_filters(command: list[str], args: argparse.Namespace) -> list[str]:
    for source in args.stooq_sources:
        command.extend(["--historical-source", str(source)])

    for symbol in args.price_symbols:
        command.extend(["--symbol", str(symbol)])

    if args.price_start_date:
        command.extend(["--start-date", str(args.price_start_date)])
    if args.price_end_date:
        command.extend(["--end-date", str(args.price_end_date)])
    if args.price_as_of:
        command.extend(["--as-of", str(args.price_as_of)])

    return command


def main() -> int:
    args = parse_args()

    config = build_app_config(db_path=args.db_path)
    config.ensure_directories()

    project_root = Path(config.project_root).expanduser().resolve()
    db_path = Path(config.db_path).expanduser().resolve()

    # NOTE:
    # We intentionally use the currently running interpreter to keep the rebuild
    # consistent with the active virtual environment / site-packages.
    python_bin = sys.executable

    sec_dir = project_root / "data" / "symbol_sources" / "sec"
    nasdaq_dir = project_root / "data" / "symbol_sources" / "nasdaq"

    print("===== REBUILD DATABASE FROM SCRATCH =====", flush=True)
    print(f"project_root={project_root}", flush=True)
    print(f"db_path={db_path}", flush=True)

    if not args.skip_init:
        _run_step(
            "INIT MARKET DB",
            [
                python_bin,
                str(project_root / "cli" / "core" / "init_market_db.py"),
                "--db-path",
                str(db_path),
            ],
        )

    if not args.skip_sec_fetch:
        _run_step(
            "FETCH SEC COMPANY TICKERS RAW",
            [
                python_bin,
                str(project_root / "cli" / "raw" / "fetch_sec_company_tickers_raw.py"),
                "--verbose",
            ],
        )

    if not args.skip_nasdaq_fetch:
        _run_step(
            "FETCH NASDAQ SYMBOL DIRECTORY RAW",
            [
                python_bin,
                str(project_root / "cli" / "raw" / "fetch_nasdaq_symbol_directory_raw.py"),
                "--verbose",
            ],
        )

    sec_file = _latest_file(sec_dir, "sec_company_tickers_*.csv")
    nasdaqlisted_file = _latest_file(nasdaq_dir, "nasdaqlisted_*.csv")
    otherlisted_file = _latest_file(nasdaq_dir, "otherlisted_*.csv")

    print("===== RESOLVED RAW FILES =====", flush=True)
    print(f"sec_file={sec_file}", flush=True)
    print(f"nasdaqlisted_file={nasdaqlisted_file}", flush=True)
    print(f"otherlisted_file={otherlisted_file}", flush=True)

    if not args.skip_raw_load:
        missing_files: list[str] = []
        if sec_file is None:
            missing_files.append("SEC company tickers file")
        if nasdaqlisted_file is None:
            missing_files.append("NASDAQ listed file")
        if otherlisted_file is None:
            missing_files.append("NASDAQ other listed file")

        if missing_files:
            raise SystemExit(
                "cannot load symbol_reference_source_raw; missing files: " + ", ".join(missing_files)
            )

        _run_step(
            "LOAD SYMBOL_REFERENCE_SOURCE_RAW",
            [
                python_bin,
                str(project_root / "cli" / "raw" / "load_symbol_reference_source_raw.py"),
                "--db-path",
                str(db_path),
                "--truncate",
                "--source",
                str(nasdaqlisted_file),
                "--source",
                str(otherlisted_file),
                "--source",
                str(sec_file),
                "--verbose",
            ],
        )

    if not args.skip_market_universe:
        cmd = [
            python_bin,
            str(project_root / "cli" / "core" / "build_market_universe.py"),
            "--db-path",
            str(db_path),
            "--verbose",
            "--disallow-adr",
        ]
        _run_step("BUILD MARKET UNIVERSE", cmd)

    if not args.skip_symbol_reference:
        _run_step(
            "BUILD SYMBOL REFERENCE",
            [
                python_bin,
                str(project_root / "cli" / "core" / "build_symbol_reference.py"),
                "--db-path",
                str(db_path),
                "--verbose",
            ],
        )

    if not args.skip_sec_filings:
        _run_step(
            "BUILD SEC FILINGS",
            [
                python_bin,
                str(project_root / "cli" / "core" / "build_sec_filings.py"),
                "--db-path",
                str(db_path),
                "--verbose",
            ],
        )

    if not args.skip_sec_fact_normalized:
        _run_step(
            "BUILD SEC FACT NORMALIZED",
            [
                python_bin,
                str(project_root / "cli" / "core" / "build_sec_fact_normalized.py"),
                "--db-path",
                str(db_path),
                "--verbose",
            ],

===== SEARCH FUNDAMENTALS SERVICE =====
stock_quant/pipelines/build_fundamentals_pipeline.py:5:from stock_quant.app.services.fundamentals_service import FundamentalsService
stock_quant/pipelines/build_fundamentals_pipeline.py:21:    def __init__(self, service: FundamentalsService):
stock_quant/app/services/sec_filings_service.py:35:class FundamentalsService:
stock_quant/app/services/fundamentals_service.py:4:class FundamentalsService:

===== SEARCH SHORT INTEREST SERVICE =====
stock_quant/pipelines/build_finra_short_interest_pipeline.py:5:from stock_quant.app.services.short_interest_service import ShortInterestService
stock_quant/pipelines/build_finra_short_interest_pipeline.py:21:    def __init__(self, service: ShortInterestService):
stock_quant/pipelines/finra_short_interest_pipeline.py:4:from stock_quant.app.services.short_interest_service import ShortInterestService
stock_quant/pipelines/finra_short_interest_pipeline.py:17:        self.service = ShortInterestService(market_policy=FinraMarketSelectionPolicy())
stock_quant/app/services/short_interest_service.py:4:class ShortInterestService:

===== SEARCH TRAINING DATASET =====
stock_quant/pipelines/build_training_dataset_pipeline.py:16:    pipeline_name = "build_training_dataset"
stock_quant/pipelines/build_dataset_version_pipeline.py:33:        row_count = self.repository.count_training_dataset_rows()
stock_quant/pipelines/build_dataset_version_pipeline.py:35:            raise PipelineError("training_dataset_daily is empty")
stock_quant/pipelines/build_dataset_version_pipeline.py:37:        start_date, end_date = self.repository.resolve_training_dataset_date_range()
stock_quant/pipelines/build_dataset_version_pipeline.py:56:                "training_dataset_daily",
stock_quant/infrastructure/repositories/duckdb_training_dataset_repository.py:15:            INSERT INTO training_dataset_daily
stock_quant/infrastructure/repositories/duckdb_training_dataset_repository.py:36:            "SELECT COUNT(*) FROM training_dataset_daily"
stock_quant/infrastructure/repositories/duckdb_dataset_version_repository.py:28:    def count_training_dataset_rows(self) -> int:
stock_quant/infrastructure/repositories/duckdb_dataset_version_repository.py:30:            "SELECT COUNT(*) FROM training_dataset_daily"
stock_quant/infrastructure/repositories/duckdb_dataset_version_repository.py:34:    def resolve_training_dataset_date_range(self) -> tuple[str | None, str | None]:
stock_quant/infrastructure/repositories/duckdb_dataset_version_repository.py:40:            FROM training_dataset_daily
cli/core/build_training_dataset.py:10:from stock_quant.infrastructure.repositories.duckdb_training_dataset_repository import (
cli/core/build_training_dataset.py:13:from stock_quant.pipelines.build_training_dataset_pipeline import (
cli/core/build_dataset_version.py:20:        description="Create or replace a version record for training_dataset_daily."
cli/core/build_dataset_version.py:25:        default="training_dataset_daily",
cli/ops/run_research_dataset_daily.py:90:        "build_training_dataset",
cli/ops/run_research_dataset_daily.py:91:        build_cmd(project_root, "cli/core/build_training_dataset.py", args.db_path, args.verbose),
cli/ops/run_research_dataset_daily.py:98:        "training_dataset_daily",

===== DONE =====
