===== DATE =====
Tue 17 Mar 2026 08:25:20 AM EDT

===== DETECTED INPUTS =====
RAW_COUNT=0
RAW_ALL_COUNT=0
STOOQ_ZIP=
STOOQ_DIR=data/raw/stooq/daily/us/nyse stocks/2
CSV_ALL=

===== PRE COUNTS =====
┌────────────────────────┬───────────┐
│       table_name       │ row_count │
│        varchar         │   int64   │
├────────────────────────┼───────────┤
│ price_source_daily_raw │         0 │
│ price_history          │         0 │
│ price_latest           │         0 │
└────────────────────────┴───────────┘

===== STEP 1: TRY DIRECT BUILD FROM EXISTING STAGED RAW =====
SKIP direct staged build: no rows in price_source_daily_raw

===== STEP 2: IF STILL EMPTY, TRY LOCAL STOOQ BACKFILL =====
USING STOOQ DIR: data/raw/stooq/daily/us/nyse stocks/2
[filter_price_source_daily_raw_from_all] db_path=/home/marty/stock-quant-oop/market.duckdb
[filter_price_source_daily_raw_from_all] bronze_rows=0
[filter_price_source_daily_raw_from_all] included_symbols=6475
[filter_price_source_daily_raw_from_all] staging_rows=0
Filtered price_source_daily_raw_all -> price_source_daily_raw: bronze_rows=0 included_symbols=6475 staging_rows=0
[build_prices] project_root=/home/marty/stock-quant-oop
[build_prices] db_path=/home/marty/stock-quant-oop/market.duckdb
[build_prices] mode=daily
[build_prices] historical_source_count=0
[build_prices] symbols_count=0
[build_prices] normalized_table=price_history
[build_prices] derived_table=price_latest (serving only)
[build_prices] staged_raw_rows=0
[build_prices] path=incremental_provider
{
  "error": "failed to run daily price refresh: failed to run build_prices pipeline: 'PriceIngestionResult' object has no attribute 'start_date'",
  "status": "FAILED"
}

===== POST COUNTS =====
┌────────────────────────────┬───────────┐
│         table_name         │ row_count │
│          varchar           │   int64   │
├────────────────────────────┼───────────┤
│ price_source_daily_raw     │         0 │
│ price_source_daily_raw_all │         0 │
│ price_history              │      1204 │
│ price_latest               │      1204 │
└────────────────────────────┴───────────┘

===== SAMPLE PRICE_HISTORY =====
┌─────────┬────────────┬────────────────────┬───┬────────────────────┬──────────┬─────────────┬──────────────────────┐
│ symbol  │ price_date │        open        │ … │       close        │  volume  │ source_name │     ingested_at      │
│ varchar │    date    │       double       │   │       double       │  int64   │   varchar   │      timestamp       │
├─────────┼────────────┼────────────────────┼───┼────────────────────┼──────────┼─────────────┼──────────────────────┤
│ AAOI    │ 2026-03-16 │  99.99500274658203 │ … │  94.06999969482422 │ 10640780 │ yfinance    │ 2026-03-17 08:28:0…  │
│ AAUC    │ 2026-03-16 │   31.1200008392334 │ … │ 31.209999084472656 │   383327 │ yfinance    │ 2026-03-17 08:28:0…  │
│ ABEO    │ 2026-03-16 │  4.760000228881836 │ … │  4.949999809265137 │  1583505 │ yfinance    │ 2026-03-17 08:28:0…  │
│ ACFN    │ 2026-03-16 │ 19.666799545288086 │ … │ 19.969999313354492 │     5161 │ yfinance    │ 2026-03-17 08:28:0…  │
│ ADM     │ 2026-03-16 │   71.9000015258789 │ … │              70.75 │  4234426 │ yfinance    │ 2026-03-17 08:28:0…  │
│ AEHR    │ 2026-03-16 │ 38.029998779296875 │ … │  37.47999954223633 │  1260034 │ yfinance    │ 2026-03-17 08:28:0…  │
│ AFJKR   │ 2026-03-16 │ 0.3449999988079071 │ … │              0.375 │     1138 │ yfinance    │ 2026-03-17 08:28:0…  │
│ AUPH    │ 2026-03-16 │ 14.079999923706055 │ … │   14.3100004196167 │   756238 │ yfinance    │ 2026-03-17 08:28:0…  │
│ AXS-PE  │ 2026-03-16 │ 20.059999465942383 │ … │ 20.170000076293945 │    28557 │ yfinance    │ 2026-03-17 08:28:0…  │
│ BANX    │ 2026-03-16 │ 19.100000381469727 │ … │ 19.239999771118164 │    27097 │ yfinance    │ 2026-03-17 08:28:0…  │
│ BG      │ 2026-03-16 │ 123.58000183105469 │ … │ 123.62000274658203 │  1514933 │ yfinance    │ 2026-03-17 08:28:0…  │
│ BMO     │ 2026-03-16 │ 137.30999755859375 │ … │ 139.77999877929688 │   799051 │ yfinance    │ 2026-03-17 08:28:0…  │
│ CBAN    │ 2026-03-16 │ 19.559999465942383 │ … │ 19.520000457763672 │   136786 │ yfinance    │ 2026-03-17 08:28:0…  │
│ CDT     │ 2026-03-16 │ 0.5099999904632568 │ … │ 0.4562000036239624 │   141665 │ yfinance    │ 2026-03-17 08:28:0…  │
│ CEE     │ 2026-03-16 │ 17.739999771118164 │ … │  17.56999969482422 │    15384 │ yfinance    │ 2026-03-17 08:28:0…  │
│ CELZ    │ 2026-03-16 │ 1.9149999618530273 │ … │  1.899999976158142 │    12864 │ yfinance    │ 2026-03-17 08:28:0…  │
│ CSTL    │ 2026-03-16 │ 25.809999465942383 │ … │ 25.829999923706055 │   323116 │ yfinance    │ 2026-03-17 08:28:0…  │
│ DAL     │ 2026-03-16 │ 59.369998931884766 │ … │  60.84000015258789 │ 12480902 │ yfinance    │ 2026-03-17 08:28:0…  │
│ DSY     │ 2026-03-16 │  3.109999895095825 │ … │ 3.0799999237060547 │    16899 │ yfinance    │ 2026-03-17 08:28:1…  │
│ EFT     │ 2026-03-16 │   10.6899995803833 │ … │ 10.760000228881836 │   121254 │ yfinance    │ 2026-03-17 08:28:1…  │
├─────────┴────────────┴────────────────────┴───┴────────────────────┴──────────┴─────────────┴──────────────────────┤
│ 20 rows                                                                                        9 columns (7 shown) │
└────────────────────────────────────────────────────────────────────────────────────────────────────────────────────┘

===== DONE =====
