===== DATE =====
Mon 16 Mar 2026 04:24:41 PM EDT
===== PROJECT_ROOT =====
/home/marty/stock-quant-oop
===== DB_PATH =====
/home/marty/stock-quant-oop/market.duckdb
===== RUN ORCHESTRATOR =====
===== REBUILD DATABASE FROM SCRATCH =====
project_root=/home/marty/stock-quant-oop
db_path=/home/marty/stock-quant-oop/market.duckdb
===== STEP: INIT MARKET DB =====
COMMAND: /usr/bin/python3 /home/marty/stock-quant-oop/cli/core/init_market_db.py --db-path /home/marty/stock-quant-oop/market.duckdb
Schema initialized successfully: /home/marty/stock-quant-oop/market.duckdb
===== STEP: FETCH SEC COMPANY TICKERS RAW =====
COMMAND: /usr/bin/python3 /home/marty/stock-quant-oop/cli/raw/fetch_sec_company_tickers_raw.py --verbose
[fetch_sec_company_tickers_raw] wrote /home/marty/stock-quant-oop/data/symbol_sources/sec/sec_company_tickers_2026-03-16.csv
downloaded rows=10435
===== STEP: FETCH NASDAQ SYMBOL DIRECTORY RAW =====
COMMAND: /usr/bin/python3 /home/marty/stock-quant-oop/cli/raw/fetch_nasdaq_symbol_directory_raw.py --verbose
[fetch_nasdaq_symbol_directory_raw] wrote /home/marty/stock-quant-oop/data/symbol_sources/nasdaq/nasdaqlisted_2026-03-16.csv
[fetch_nasdaq_symbol_directory_raw] wrote /home/marty/stock-quant-oop/data/symbol_sources/nasdaq/otherlisted_2026-03-16.csv
downloaded rows=12422
===== RESOLVED RAW FILES =====
sec_file=/home/marty/stock-quant-oop/data/symbol_sources/sec/sec_company_tickers_2026-03-16.csv
nasdaqlisted_file=/home/marty/stock-quant-oop/data/symbol_sources/nasdaq/nasdaqlisted_2026-03-16.csv
otherlisted_file=/home/marty/stock-quant-oop/data/symbol_sources/nasdaq/otherlisted_2026-03-16.csv
===== STEP: LOAD SYMBOL_REFERENCE_SOURCE_RAW =====
COMMAND: /usr/bin/python3 /home/marty/stock-quant-oop/cli/raw/load_symbol_reference_source_raw.py --db-path /home/marty/stock-quant-oop/market.duckdb --truncate --source /home/marty/stock-quant-oop/data/symbol_sources/nasdaq/nasdaqlisted_2026-03-16.csv --source /home/marty/stock-quant-oop/data/symbol_sources/nasdaq/otherlisted_2026-03-16.csv --source /home/marty/stock-quant-oop/data/symbol_sources/sec/sec_company_tickers_2026-03-16.csv --verbose
[load_symbol_reference_source_raw] db_path=/home/marty/stock-quant-oop/market.duckdb
[load_symbol_reference_source_raw] source_mode=real_sources_only
[load_symbol_reference_source_raw] source_count=3
[load_symbol_reference_source_raw] rows_before=0
[load_symbol_reference_source_raw] rows_written=22857
[load_symbol_reference_source_raw] rows_after=22857
Loaded symbol_reference_source_raw rows: total_rows=22857
===== STEP: BUILD MARKET UNIVERSE =====
COMMAND: /usr/bin/python3 /home/marty/stock-quant-oop/cli/core/build_market_universe.py --db-path /home/marty/stock-quant-oop/market.duckdb --verbose
[build_market_universe] project_root=/home/marty/stock-quant-oop
[build_market_universe] db_path=/home/marty/stock-quant-oop/market.duckdb
[build_market_universe] drop_existing=False
[build_market_universe] allow_adr=True
{
  "duration_seconds": 0.203535,
  "error_message": null,
  "finished_at": "2026-03-16T20:24:43.860846",
  "metrics": {
    "adr_excluded_count": 0,
    "conflicts": 6992,
    "etf_excluded_count": 1360,
    "etn_excluded_count": 12,
    "exchange_not_allowed_count": 6281,
    "final_entries": 15863,
    "included_final_entries": 6475,
    "missing_exchange_count": 329,
    "preferred_excluded_count": 751,
    "raw_candidates": 22857,
    "right_excluded_count": 61,
    "unit_excluded_count": 164,
    "warrant_excluded_count": 430
  },
  "pipeline_name": "build_market_universe",
  "rows_read": 22857,
  "rows_skipped": 0,
  "rows_written": 15863,
  "started_at": "2026-03-16T20:24:43.657311",
  "status": "SUCCESS",
  "warnings": []
}
===== STEP: BUILD SYMBOL REFERENCE =====
COMMAND: /usr/bin/python3 /home/marty/stock-quant-oop/cli/core/build_symbol_reference.py --db-path /home/marty/stock-quant-oop/market.duckdb --verbose
[build_symbol_reference] project_root=/home/marty/stock-quant-oop
[build_symbol_reference] db_path=/home/marty/stock-quant-oop/market.duckdb
{
  "duration_seconds": 0.067831,
  "error_message": null,
  "finished_at": "2026-03-16T20:24:44.138592",
  "metrics": {
    "input_entries": 6475,
    "name_match_enabled_count": 6474,
    "output_entries": 6475,
    "symbol_match_enabled_count": 6475
  },
  "pipeline_name": "build_symbol_reference",
  "rows_read": 6475,
  "rows_skipped": 0,
  "rows_written": 6475,
  "started_at": "2026-03-16T20:24:44.070761",
  "status": "SUCCESS",
  "warnings": []
}
===== STEP: BUILD SEC FILINGS =====
COMMAND: /usr/bin/python3 /home/marty/stock-quant-oop/cli/core/build_sec_filings.py --db-path /home/marty/stock-quant-oop/market.duckdb --verbose
[build_sec_filings] project_root=/home/marty/stock-quant-oop
[build_sec_filings] db_path=/home/marty/stock-quant-oop/market.duckdb
{
  "duration_seconds": 26.329374,
  "error_message": null,
  "finished_at": "2026-03-16T20:25:10.713682",
  "metrics": {
    "matched_company_ids": 15314,
    "raw_index_rows": 44395,
    "sec_filing_rows_built": 44395,
    "skipped_missing_keys": 0,
    "written_sec_filing": 44395
  },
  "pipeline_name": "build_sec_filings",
  "rows_read": 44395,
  "rows_skipped": 0,
  "rows_written": 44395,
  "started_at": "2026-03-16T20:24:44.384308",
  "status": "SUCCESS",
  "warnings": []
}
===== STEP: BUILD FUNDAMENTALS =====
COMMAND: /usr/bin/python3 /home/marty/stock-quant-oop/cli/core/build_fundamentals.py --db-path /home/marty/stock-quant-oop/market.duckdb --verbose
[build_fundamentals] project_root=/home/marty/stock-quant-oop
[build_fundamentals] db_path=/home/marty/stock-quant-oop/market.duckdb
{
  "duration_seconds": 0.142207,
  "error_message": "no sec_fact_normalized rows available",
  "finished_at": "2026-03-16T20:25:11.209440",
  "metrics": {},
  "pipeline_name": "build_fundamentals",
  "rows_read": 0,
  "rows_skipped": 0,
  "rows_written": 0,
  "started_at": "2026-03-16T20:25:11.067233",
  "status": "FAILED",
  "warnings": []
}
